Using pre-set license
Built from '2020.3/release' branch; Version is '2020.3.15f2 (6cf78cb77498) revision 7141260'; Using compiler version '192528614'; Build Type 'Release'
OS: 'Windows 10 Pro; OS build 19044.1766; Version 2009; 64bit' Language: 'ko' Physical Memory: 32693 MB
BatchMode: 1, IsHumanControllingUs: 0, StartBugReporterOnCrash: 0, Is64bit: 1, IsPro: 0

 COMMAND LINE ARGUMENTS:
C:\UNITY_ENGINE\2020.3.15f2\Editor\Unity.exe
-adb2
-batchMode
-noUpm
-name
AssetImportWorker0
-projectPath
C:/Users/lfbi1/Documents/GitHub/GameProjRebuild/My project
-logFile
Logs/AssetImportWorker0.log
-srvPort
52777
Successfully changed project path to: C:/Users/lfbi1/Documents/GitHub/GameProjRebuild/My project
C:/Users/lfbi1/Documents/GitHub/GameProjRebuild/My project
Using Asset Import Pipeline V2.
Refreshing native plugins compatible for Editor in 34.73 ms, found 3 plugins.
Preloading 0 native plugins for Editor in 0.00 ms.
Initialize engine version: 2020.3.15f2 (6cf78cb77498)
[Subsystems] Discovering subsystems at path C:/UNITY_ENGINE/2020.3.15f2/Editor/Data/Resources/UnitySubsystems
[Subsystems] Discovering subsystems at path C:/Users/lfbi1/Documents/GitHub/GameProjRebuild/My project/Assets
GfxDevice: creating device client; threaded=0
Direct3D:
    Version:  Direct3D 11.0 [level 11.1]
    Renderer: NVIDIA GeForce RTX 3070 (ID=0x2484)
    Vendor:   
    VRAM:     8043 MB
    Driver:   30.0.15.1259
Initialize mono
Mono path[0] = 'C:/UNITY_ENGINE/2020.3.15f2/Editor/Data/Managed'
Mono path[1] = 'C:/UNITY_ENGINE/2020.3.15f2/Editor/Data/MonoBleedingEdge/lib/mono/unityjit'
Mono config path = 'C:/UNITY_ENGINE/2020.3.15f2/Editor/Data/MonoBleedingEdge/etc'
Using monoOptions --debugger-agent=transport=dt_socket,embedding=1,server=y,suspend=n,address=127.0.0.1:56844
Begin MonoManager ReloadAssembly
Registering precompiled unity dll's ...
Register platform support module: C:/UNITY_ENGINE/2020.3.15f2/Editor/Data/PlaybackEngines/WindowsStandaloneSupport/UnityEditor.WindowsStandalone.Extensions.dll
Registered in 0.001693 seconds.
Native extension for WindowsStandalone target not found
Refreshing native plugins compatible for Editor in 32.14 ms, found 3 plugins.
Preloading 0 native plugins for Editor in 0.00 ms.
Mono: successfully reloaded assembly
- Completed reload, in  0.804 seconds
Domain Reload Profiling:
	ReloadAssembly (805ms)
		BeginReloadAssembly (39ms)
			ExecutionOrderSort (0ms)
			DisableScriptedObjects (0ms)
			BackupInstance (0ms)
			ReleaseScriptingObjects (0ms)
			CreateAndSetChildDomain (1ms)
		EndReloadAssembly (286ms)
			LoadAssemblies (37ms)
			RebuildTransferFunctionScriptingTraits (0ms)
			SetupTypeCache (93ms)
			ReleaseScriptCaches (0ms)
			RebuildScriptCaches (19ms)
			SetupLoadedEditorAssemblies (121ms)
				LogAssemblyErrors (0ms)
				InitializePlatformSupportModulesInManaged (3ms)
				SetLoadedEditorAssemblies (0ms)
				RefreshPlugins (32ms)
				BeforeProcessingInitializeOnLoad (11ms)
				ProcessInitializeOnLoadAttributes (56ms)
				ProcessInitializeOnLoadMethodAttributes (18ms)
				AfterProcessingInitializeOnLoad (0ms)
				EditorAssembliesLoaded (0ms)
			ExecutionOrderSort2 (0ms)
			AwakeInstancesAfterBackupRestoration (0ms)
Platform modules already initialized, skipping
Registering precompiled user dll's ...
Registered in 0.003451 seconds.
Begin MonoManager ReloadAssembly
Native extension for WindowsStandalone target not found
Refreshing native plugins compatible for Editor in 33.18 ms, found 3 plugins.
Preloading 0 native plugins for Editor in 0.00 ms.
Mono: successfully reloaded assembly
- Completed reload, in  0.885 seconds
Domain Reload Profiling:
	ReloadAssembly (885ms)
		BeginReloadAssembly (103ms)
			ExecutionOrderSort (0ms)
			DisableScriptedObjects (3ms)
			BackupInstance (0ms)
			ReleaseScriptingObjects (0ms)
			CreateAndSetChildDomain (17ms)
		EndReloadAssembly (737ms)
			LoadAssemblies (69ms)
			RebuildTransferFunctionScriptingTraits (0ms)
			SetupTypeCache (203ms)
			ReleaseScriptCaches (1ms)
			RebuildScriptCaches (38ms)
			SetupLoadedEditorAssemblies (341ms)
				LogAssemblyErrors (0ms)
				InitializePlatformSupportModulesInManaged (3ms)
				SetLoadedEditorAssemblies (0ms)
				RefreshPlugins (33ms)
				BeforeProcessingInitializeOnLoad (71ms)
				ProcessInitializeOnLoadAttributes (217ms)
				ProcessInitializeOnLoadMethodAttributes (11ms)
				AfterProcessingInitializeOnLoad (6ms)
				EditorAssembliesLoaded (0ms)
			ExecutionOrderSort2 (0ms)
			AwakeInstancesAfterBackupRestoration (5ms)
Platform modules already initialized, skipping
========================================================================
Worker process is ready to serve import requests
Launched and connected shader compiler UnityShaderCompiler.exe after 0.04 seconds
Refreshing native plugins compatible for Editor in 0.52 ms, found 3 plugins.
Preloading 0 native plugins for Editor in 0.00 ms.
Unloading 2299 Unused Serialized files (Serialized files now loaded: 0)
System memory in use before: 107.7 MB.
System memory in use after: 106.5 MB.

Unloading 45 unused Assets to reduce memory usage. Loaded Objects now: 2722.
Total: 3.293000 ms (FindLiveObjects: 0.284100 ms CreateObjectMapping: 0.087400 ms MarkObjects: 2.220200 ms  DeleteObjects: 0.700500 ms)

AssetImportParameters requested are different than current active one (requested -> active):
  custom:framework-win-MediaFoundation: 216162199b28c13a410421893ffa2e32 -> 
  custom:video-decoder-ogg-theora: a1e56fd34408186e4bbccfd4996cb3dc -> 
  custom:container-muxer-webm: aa71ff27fc2769a1b78a27578f13a17b -> 
  custom:container-demuxer-webm: 4f35f7cbe854078d1ac9338744f61a02 -> 
  custom:container-demuxer-ogg: 62fdf1f143b41e24485cea50d1cbac27 -> 
  custom:video-encoder-webm-vp8: eb34c28f22e8b96e1ab97ce403110664 -> 
  custom:video-decoder-webm-vp8: 9c59270c3fd7afecdb556c50c9e8de78 -> 
  custom:audio-decoder-ogg-vorbis: bf7c407c2cedff20999df2af8eb42d56 -> 
  custom:audio-encoder-webm-vorbis: bf7c407c2cedff20999df2af8eb42d56 -> 
========================================================================
Received Import Request.
  path: Assets/00.ProjectOzFolder/02.Scripts/00.Manager/Player.cs
  artifactKey: Guid(b72b6e1e760818948a9aa0b409b2059c) Importer(815301076,1909f56bfc062723c751e8b465ee728b)
Start importing Assets/00.ProjectOzFolder/02.Scripts/00.Manager/Player.cs using Guid(b72b6e1e760818948a9aa0b409b2059c) Importer(815301076,1909f56bfc062723c751e8b465ee728b)  -> (artifact id: '58c83d06c1b417f3a135a10b8bdfe7ec') in 0.041685 seconds 
  Import took 0.045014 seconds .

========================================================================
Received Prepare
Registering precompiled user dll's ...
Registered in 0.003503 seconds.
Begin MonoManager ReloadAssembly
Native extension for WindowsStandalone target not found
Refreshing native plugins compatible for Editor in 0.52 ms, found 3 plugins.
Preloading 0 native plugins for Editor in 0.00 ms.
Mono: successfully reloaded assembly
- Completed reload, in  0.807 seconds
Domain Reload Profiling:
	ReloadAssembly (807ms)
		BeginReloadAssembly (91ms)
			ExecutionOrderSort (0ms)
			DisableScriptedObjects (5ms)
			BackupInstance (0ms)
			ReleaseScriptingObjects (0ms)
			CreateAndSetChildDomain (31ms)
		EndReloadAssembly (667ms)
			LoadAssemblies (67ms)
			RebuildTransferFunctionScriptingTraits (0ms)
			SetupTypeCache (183ms)
			ReleaseScriptCaches (1ms)
			RebuildScriptCaches (27ms)
			SetupLoadedEditorAssemblies (323ms)
				LogAssemblyErrors (0ms)
				InitializePlatformSupportModulesInManaged (4ms)
				SetLoadedEditorAssemblies (0ms)
				RefreshPlugins (1ms)
				BeforeProcessingInitializeOnLoad (76ms)
				ProcessInitializeOnLoadAttributes (232ms)
				ProcessInitializeOnLoadMethodAttributes (4ms)
				AfterProcessingInitializeOnLoad (6ms)
				EditorAssembliesLoaded (0ms)
			ExecutionOrderSort2 (0ms)
			AwakeInstancesAfterBackupRestoration (7ms)
Platform modules already initialized, skipping
Refreshing native plugins compatible for Editor in 0.55 ms, found 3 plugins.
Preloading 0 native plugins for Editor in 0.00 ms.
Unloading 2265 Unused Serialized files (Serialized files now loaded: 0)
System memory in use before: 104.9 MB.
System memory in use after: 103.8 MB.

Unloading 33 unused Assets to reduce memory usage. Loaded Objects now: 2726.
Total: 3.434000 ms (FindLiveObjects: 0.251400 ms CreateObjectMapping: 0.087300 ms MarkObjects: 2.335600 ms  DeleteObjects: 0.759000 ms)

AssetImportParameters requested are different than current active one (requested -> active):
  custom:framework-win-MediaFoundation: 216162199b28c13a410421893ffa2e32 -> 
  custom:video-decoder-ogg-theora: a1e56fd34408186e4bbccfd4996cb3dc -> 
  custom:container-muxer-webm: aa71ff27fc2769a1b78a27578f13a17b -> 
  custom:container-demuxer-webm: 4f35f7cbe854078d1ac9338744f61a02 -> 
  custom:container-demuxer-ogg: 62fdf1f143b41e24485cea50d1cbac27 -> 
  custom:video-encoder-webm-vp8: eb34c28f22e8b96e1ab97ce403110664 -> 
  custom:video-decoder-webm-vp8: 9c59270c3fd7afecdb556c50c9e8de78 -> 
  custom:audio-decoder-ogg-vorbis: bf7c407c2cedff20999df2af8eb42d56 -> 
  custom:audio-encoder-webm-vorbis: bf7c407c2cedff20999df2af8eb42d56 -> 
========================================================================
Received Prepare
Registering precompiled user dll's ...
Registered in 0.003423 seconds.
Begin MonoManager ReloadAssembly
Native extension for WindowsStandalone target not found
Refreshing native plugins compatible for Editor in 0.53 ms, found 3 plugins.
Preloading 0 native plugins for Editor in 0.00 ms.
Mono: successfully reloaded assembly
- Completed reload, in  0.755 seconds
Domain Reload Profiling:
	ReloadAssembly (755ms)
		BeginReloadAssembly (99ms)
			ExecutionOrderSort (0ms)
			DisableScriptedObjects (5ms)
			BackupInstance (0ms)
			ReleaseScriptingObjects (0ms)
			CreateAndSetChildDomain (32ms)
		EndReloadAssembly (611ms)
			LoadAssemblies (72ms)
			RebuildTransferFunctionScriptingTraits (0ms)
			SetupTypeCache (185ms)
			ReleaseScriptCaches (1ms)
			RebuildScriptCaches (28ms)
			SetupLoadedEditorAssemblies (266ms)
				LogAssemblyErrors (0ms)
				InitializePlatformSupportModulesInManaged (3ms)
				SetLoadedEditorAssemblies (0ms)
				RefreshPlugins (1ms)
				BeforeProcessingInitializeOnLoad (74ms)
				ProcessInitializeOnLoadAttributes (177ms)
				ProcessInitializeOnLoadMethodAttributes (4ms)
				AfterProcessingInitializeOnLoad (6ms)
				EditorAssembliesLoaded (0ms)
			ExecutionOrderSort2 (0ms)
			AwakeInstancesAfterBackupRestoration (7ms)
Platform modules already initialized, skipping
Refreshing native plugins compatible for Editor in 0.51 ms, found 3 plugins.
Preloading 0 native plugins for Editor in 0.00 ms.
Unloading 2265 Unused Serialized files (Serialized files now loaded: 0)
System memory in use before: 105.0 MB.
System memory in use after: 103.8 MB.

Unloading 33 unused Assets to reduce memory usage. Loaded Objects now: 2730.
Total: 3.197100 ms (FindLiveObjects: 0.221700 ms CreateObjectMapping: 0.077600 ms MarkObjects: 2.074300 ms  DeleteObjects: 0.822900 ms)

AssetImportParameters requested are different than current active one (requested -> active):
  custom:framework-win-MediaFoundation: 216162199b28c13a410421893ffa2e32 -> 
  custom:video-decoder-ogg-theora: a1e56fd34408186e4bbccfd4996cb3dc -> 
  custom:container-muxer-webm: aa71ff27fc2769a1b78a27578f13a17b -> 
  custom:container-demuxer-webm: 4f35f7cbe854078d1ac9338744f61a02 -> 
  custom:container-demuxer-ogg: 62fdf1f143b41e24485cea50d1cbac27 -> 
  custom:video-encoder-webm-vp8: eb34c28f22e8b96e1ab97ce403110664 -> 
  custom:video-decoder-webm-vp8: 9c59270c3fd7afecdb556c50c9e8de78 -> 
  custom:audio-decoder-ogg-vorbis: bf7c407c2cedff20999df2af8eb42d56 -> 
  custom:audio-encoder-webm-vorbis: bf7c407c2cedff20999df2af8eb42d56 -> 
========================================================================
Received Prepare
Registering precompiled user dll's ...
Registered in 0.003569 seconds.
Begin MonoManager ReloadAssembly
Native extension for WindowsStandalone target not found
Refreshing native plugins compatible for Editor in 0.52 ms, found 3 plugins.
Preloading 0 native plugins for Editor in 0.00 ms.
Mono: successfully reloaded assembly
- Completed reload, in  0.730 seconds
Domain Reload Profiling:
	ReloadAssembly (730ms)
		BeginReloadAssembly (91ms)
			ExecutionOrderSort (0ms)
			DisableScriptedObjects (5ms)
			BackupInstance (0ms)
			ReleaseScriptingObjects (0ms)
			CreateAndSetChildDomain (30ms)
		EndReloadAssembly (595ms)
			LoadAssemblies (63ms)
			RebuildTransferFunctionScriptingTraits (0ms)
			SetupTypeCache (178ms)
			ReleaseScriptCaches (1ms)
			RebuildScriptCaches (27ms)
			SetupLoadedEditorAssemblies (260ms)
				LogAssemblyErrors (0ms)
				InitializePlatformSupportModulesInManaged (3ms)
				SetLoadedEditorAssemblies (0ms)
				RefreshPlugins (1ms)
				BeforeProcessingInitializeOnLoad (73ms)
				ProcessInitializeOnLoadAttributes (172ms)
				ProcessInitializeOnLoadMethodAttributes (4ms)
				AfterProcessingInitializeOnLoad (6ms)
				EditorAssembliesLoaded (0ms)
			ExecutionOrderSort2 (0ms)
			AwakeInstancesAfterBackupRestoration (7ms)
Platform modules already initialized, skipping
Refreshing native plugins compatible for Editor in 0.50 ms, found 3 plugins.
Preloading 0 native plugins for Editor in 0.00 ms.
Unloading 2265 Unused Serialized files (Serialized files now loaded: 0)
System memory in use before: 105.0 MB.
System memory in use after: 103.8 MB.

Unloading 33 unused Assets to reduce memory usage. Loaded Objects now: 2734.
Total: 3.177900 ms (FindLiveObjects: 0.236900 ms CreateObjectMapping: 0.076600 ms MarkObjects: 2.079600 ms  DeleteObjects: 0.784000 ms)

AssetImportParameters requested are different than current active one (requested -> active):
  custom:framework-win-MediaFoundation: 216162199b28c13a410421893ffa2e32 -> 
  custom:video-decoder-ogg-theora: a1e56fd34408186e4bbccfd4996cb3dc -> 
  custom:container-muxer-webm: aa71ff27fc2769a1b78a27578f13a17b -> 
  custom:container-demuxer-webm: 4f35f7cbe854078d1ac9338744f61a02 -> 
  custom:container-demuxer-ogg: 62fdf1f143b41e24485cea50d1cbac27 -> 
  custom:video-encoder-webm-vp8: eb34c28f22e8b96e1ab97ce403110664 -> 
  custom:video-decoder-webm-vp8: 9c59270c3fd7afecdb556c50c9e8de78 -> 
  custom:audio-decoder-ogg-vorbis: bf7c407c2cedff20999df2af8eb42d56 -> 
  custom:audio-encoder-webm-vorbis: bf7c407c2cedff20999df2af8eb42d56 -> 
========================================================================
Received Prepare
Registering precompiled user dll's ...
Registered in 0.003495 seconds.
Begin MonoManager ReloadAssembly
Native extension for WindowsStandalone target not found
Refreshing native plugins compatible for Editor in 0.52 ms, found 3 plugins.
Preloading 0 native plugins for Editor in 0.00 ms.
Mono: successfully reloaded assembly
- Completed reload, in  0.752 seconds
Domain Reload Profiling:
	ReloadAssembly (752ms)
		BeginReloadAssembly (88ms)
			ExecutionOrderSort (0ms)
			DisableScriptedObjects (5ms)
			BackupInstance (0ms)
			ReleaseScriptingObjects (0ms)
			CreateAndSetChildDomain (31ms)
		EndReloadAssembly (619ms)
			LoadAssemblies (67ms)
			RebuildTransferFunctionScriptingTraits (0ms)
			SetupTypeCache (186ms)
			ReleaseScriptCaches (1ms)
			RebuildScriptCaches (29ms)
			SetupLoadedEditorAssemblies (271ms)
				LogAssemblyErrors (0ms)
				InitializePlatformSupportModulesInManaged (4ms)
				SetLoadedEditorAssemblies (0ms)
				RefreshPlugins (1ms)
				BeforeProcessingInitializeOnLoad (75ms)
				ProcessInitializeOnLoadAttributes (182ms)
				ProcessInitializeOnLoadMethodAttributes (4ms)
				AfterProcessingInitializeOnLoad (6ms)
				EditorAssembliesLoaded (0ms)
			ExecutionOrderSort2 (0ms)
			AwakeInstancesAfterBackupRestoration (7ms)
Platform modules already initialized, skipping
Refreshing native plugins compatible for Editor in 0.53 ms, found 3 plugins.
Preloading 0 native plugins for Editor in 0.00 ms.
Unloading 2265 Unused Serialized files (Serialized files now loaded: 0)
System memory in use before: 105.0 MB.
System memory in use after: 103.8 MB.

Unloading 33 unused Assets to reduce memory usage. Loaded Objects now: 2738.
Total: 3.458400 ms (FindLiveObjects: 0.255300 ms CreateObjectMapping: 0.101500 ms MarkObjects: 2.214900 ms  DeleteObjects: 0.886000 ms)

AssetImportParameters requested are different than current active one (requested -> active):
  custom:framework-win-MediaFoundation: 216162199b28c13a410421893ffa2e32 -> 
  custom:video-decoder-ogg-theora: a1e56fd34408186e4bbccfd4996cb3dc -> 
  custom:container-muxer-webm: aa71ff27fc2769a1b78a27578f13a17b -> 
  custom:container-demuxer-webm: 4f35f7cbe854078d1ac9338744f61a02 -> 
  custom:container-demuxer-ogg: 62fdf1f143b41e24485cea50d1cbac27 -> 
  custom:video-encoder-webm-vp8: eb34c28f22e8b96e1ab97ce403110664 -> 
  custom:video-decoder-webm-vp8: 9c59270c3fd7afecdb556c50c9e8de78 -> 
  custom:audio-decoder-ogg-vorbis: bf7c407c2cedff20999df2af8eb42d56 -> 
  custom:audio-encoder-webm-vorbis: bf7c407c2cedff20999df2af8eb42d56 -> 
========================================================================
Received Prepare
Registering precompiled user dll's ...
Registered in 0.003487 seconds.
Begin MonoManager ReloadAssembly
Native extension for WindowsStandalone target not found
Refreshing native plugins compatible for Editor in 0.52 ms, found 3 plugins.
Preloading 0 native plugins for Editor in 0.00 ms.
Mono: successfully reloaded assembly
- Completed reload, in  0.746 seconds
Domain Reload Profiling:
	ReloadAssembly (746ms)
		BeginReloadAssembly (101ms)
			ExecutionOrderSort (0ms)
			DisableScriptedObjects (5ms)
			BackupInstance (0ms)
			ReleaseScriptingObjects (0ms)
			CreateAndSetChildDomain (29ms)
		EndReloadAssembly (599ms)
			LoadAssemblies (66ms)
			RebuildTransferFunctionScriptingTraits (0ms)
			SetupTypeCache (176ms)
			ReleaseScriptCaches (1ms)
			RebuildScriptCaches (27ms)
			SetupLoadedEditorAssemblies (265ms)
				LogAssemblyErrors (0ms)
				InitializePlatformSupportModulesInManaged (4ms)
				SetLoadedEditorAssemblies (0ms)
				RefreshPlugins (1ms)
				BeforeProcessingInitializeOnLoad (74ms)
				ProcessInitializeOnLoadAttributes (177ms)
				ProcessInitializeOnLoadMethodAttributes (4ms)
				AfterProcessingInitializeOnLoad (6ms)
				EditorAssembliesLoaded (0ms)
			ExecutionOrderSort2 (0ms)
			AwakeInstancesAfterBackupRestoration (7ms)
Platform modules already initialized, skipping
Refreshing native plugins compatible for Editor in 0.51 ms, found 3 plugins.
Preloading 0 native plugins for Editor in 0.00 ms.
Unloading 2265 Unused Serialized files (Serialized files now loaded: 0)
System memory in use before: 105.0 MB.
System memory in use after: 103.8 MB.

Unloading 33 unused Assets to reduce memory usage. Loaded Objects now: 2742.
Total: 3.029400 ms (FindLiveObjects: 0.207200 ms CreateObjectMapping: 0.053400 ms MarkObjects: 1.906500 ms  DeleteObjects: 0.861600 ms)

AssetImportParameters requested are different than current active one (requested -> active):
  custom:framework-win-MediaFoundation: 216162199b28c13a410421893ffa2e32 -> 
  custom:video-decoder-ogg-theora: a1e56fd34408186e4bbccfd4996cb3dc -> 
  custom:container-muxer-webm: aa71ff27fc2769a1b78a27578f13a17b -> 
  custom:container-demuxer-webm: 4f35f7cbe854078d1ac9338744f61a02 -> 
  custom:container-demuxer-ogg: 62fdf1f143b41e24485cea50d1cbac27 -> 
  custom:video-encoder-webm-vp8: eb34c28f22e8b96e1ab97ce403110664 -> 
  custom:video-decoder-webm-vp8: 9c59270c3fd7afecdb556c50c9e8de78 -> 
  custom:audio-decoder-ogg-vorbis: bf7c407c2cedff20999df2af8eb42d56 -> 
  custom:audio-encoder-webm-vorbis: bf7c407c2cedff20999df2af8eb42d56 -> 
========================================================================
Received Prepare
Registering precompiled user dll's ...
Registered in 0.003320 seconds.
Begin MonoManager ReloadAssembly
Native extension for WindowsStandalone target not found
Refreshing native plugins compatible for Editor in 0.54 ms, found 3 plugins.
Preloading 0 native plugins for Editor in 0.00 ms.
Mono: successfully reloaded assembly
- Completed reload, in  0.735 seconds
Domain Reload Profiling:
	ReloadAssembly (736ms)
		BeginReloadAssembly (98ms)
			ExecutionOrderSort (0ms)
			DisableScriptedObjects (5ms)
			BackupInstance (0ms)
			ReleaseScriptingObjects (0ms)
			CreateAndSetChildDomain (29ms)
		EndReloadAssembly (593ms)
			LoadAssemblies (65ms)
			RebuildTransferFunctionScriptingTraits (0ms)
			SetupTypeCache (175ms)
			ReleaseScriptCaches (1ms)
			RebuildScriptCaches (26ms)
			SetupLoadedEditorAssemblies (265ms)
				LogAssemblyErrors (0ms)
				InitializePlatformSupportModulesInManaged (3ms)
				SetLoadedEditorAssemblies (0ms)
				RefreshPlugins (1ms)
				BeforeProcessingInitializeOnLoad (75ms)
				ProcessInitializeOnLoadAttributes (176ms)
				ProcessInitializeOnLoadMethodAttributes (4ms)
				AfterProcessingInitializeOnLoad (6ms)
				EditorAssembliesLoaded (0ms)
			ExecutionOrderSort2 (0ms)
			AwakeInstancesAfterBackupRestoration (7ms)
Platform modules already initialized, skipping
Refreshing native plugins compatible for Editor in 0.50 ms, found 3 plugins.
Preloading 0 native plugins for Editor in 0.00 ms.
Unloading 2265 Unused Serialized files (Serialized files now loaded: 0)
System memory in use before: 105.1 MB.
System memory in use after: 103.9 MB.

Unloading 33 unused Assets to reduce memory usage. Loaded Objects now: 2746.
Total: 3.255500 ms (FindLiveObjects: 0.210300 ms CreateObjectMapping: 0.070900 ms MarkObjects: 2.065900 ms  DeleteObjects: 0.907700 ms)

AssetImportParameters requested are different than current active one (requested -> active):
  custom:framework-win-MediaFoundation: 216162199b28c13a410421893ffa2e32 -> 
  custom:video-decoder-ogg-theora: a1e56fd34408186e4bbccfd4996cb3dc -> 
  custom:container-muxer-webm: aa71ff27fc2769a1b78a27578f13a17b -> 
  custom:container-demuxer-webm: 4f35f7cbe854078d1ac9338744f61a02 -> 
  custom:container-demuxer-ogg: 62fdf1f143b41e24485cea50d1cbac27 -> 
  custom:video-encoder-webm-vp8: eb34c28f22e8b96e1ab97ce403110664 -> 
  custom:video-decoder-webm-vp8: 9c59270c3fd7afecdb556c50c9e8de78 -> 
  custom:audio-decoder-ogg-vorbis: bf7c407c2cedff20999df2af8eb42d56 -> 
  custom:audio-encoder-webm-vorbis: bf7c407c2cedff20999df2af8eb42d56 -> 
========================================================================
Received Import Request.
  Time since last request: 1045.916673 seconds.
  path: Assets/00.ProjectOzFolder/02.Scripts/BackGroundScroll.cs
  artifactKey: Guid(9749e1e293661f84b8ceca7b6c942ebf) Importer(815301076,1909f56bfc062723c751e8b465ee728b)
Start importing Assets/00.ProjectOzFolder/02.Scripts/BackGroundScroll.cs using Guid(9749e1e293661f84b8ceca7b6c942ebf) Importer(815301076,1909f56bfc062723c751e8b465ee728b)  -> (artifact id: 'c62b428760c4f2d9fd2c2bad0ec01ec2') in 0.009887 seconds 
  Import took 0.014180 seconds .

========================================================================
Received Import Request.
  Time since last request: 0.001580 seconds.
  path: Assets/00.ProjectOzFolder/02.Scripts/BackGroundScroll.cs
  artifactKey: Guid(9749e1e293661f84b8ceca7b6c942ebf) Importer(815301076,1909f56bfc062723c751e8b465ee728b)
Start importing Assets/00.ProjectOzFolder/02.Scripts/BackGroundScroll.cs using Guid(9749e1e293661f84b8ceca7b6c942ebf) Importer(815301076,1909f56bfc062723c751e8b465ee728b)  -> (artifact id: 'c62b428760c4f2d9fd2c2bad0ec01ec2') in 0.002349 seconds 
  Import took 0.005590 seconds .

========================================================================
Received Prepare
Registering precompiled user dll's ...
Registered in 0.003747 seconds.
Begin MonoManager ReloadAssembly
Native extension for WindowsStandalone target not found
Refreshing native plugins compatible for Editor in 0.53 ms, found 3 plugins.
Preloading 0 native plugins for Editor in 0.00 ms.
Mono: successfully reloaded assembly
- Completed reload, in  0.745 seconds
Domain Reload Profiling:
	ReloadAssembly (745ms)
		BeginReloadAssembly (89ms)
			ExecutionOrderSort (0ms)
			DisableScriptedObjects (5ms)
			BackupInstance (0ms)
			ReleaseScriptingObjects (0ms)
			CreateAndSetChildDomain (29ms)
		EndReloadAssembly (604ms)
			LoadAssemblies (70ms)
			RebuildTransferFunctionScriptingTraits (0ms)
			SetupTypeCache (177ms)
			ReleaseScriptCaches (1ms)
			RebuildScriptCaches (26ms)
			SetupLoadedEditorAssemblies (268ms)
				LogAssemblyErrors (0ms)
				InitializePlatformSupportModulesInManaged (4ms)
				SetLoadedEditorAssemblies (0ms)
				RefreshPlugins (1ms)
				BeforeProcessingInitializeOnLoad (75ms)
				ProcessInitializeOnLoadAttributes (178ms)
				ProcessInitializeOnLoadMethodAttributes (4ms)
				AfterProcessingInitializeOnLoad (6ms)
				EditorAssembliesLoaded (0ms)
			ExecutionOrderSort2 (0ms)
			AwakeInstancesAfterBackupRestoration (7ms)
Platform modules already initialized, skipping
Refreshing native plugins compatible for Editor in 0.53 ms, found 3 plugins.
Preloading 0 native plugins for Editor in 0.00 ms.
Unloading 2266 Unused Serialized files (Serialized files now loaded: 0)
System memory in use before: 105.1 MB.
System memory in use after: 103.9 MB.

Unloading 33 unused Assets to reduce memory usage. Loaded Objects now: 2751.
Total: 3.427500 ms (FindLiveObjects: 0.246700 ms CreateObjectMapping: 0.068700 ms MarkObjects: 2.179200 ms  DeleteObjects: 0.932100 ms)

AssetImportParameters requested are different than current active one (requested -> active):
  custom:framework-win-MediaFoundation: 216162199b28c13a410421893ffa2e32 -> 
  custom:video-decoder-ogg-theora: a1e56fd34408186e4bbccfd4996cb3dc -> 
  custom:container-muxer-webm: aa71ff27fc2769a1b78a27578f13a17b -> 
  custom:container-demuxer-webm: 4f35f7cbe854078d1ac9338744f61a02 -> 
  custom:container-demuxer-ogg: 62fdf1f143b41e24485cea50d1cbac27 -> 
  custom:video-encoder-webm-vp8: eb34c28f22e8b96e1ab97ce403110664 -> 
  custom:video-decoder-webm-vp8: 9c59270c3fd7afecdb556c50c9e8de78 -> 
  custom:audio-decoder-ogg-vorbis: bf7c407c2cedff20999df2af8eb42d56 -> 
  custom:audio-encoder-webm-vorbis: bf7c407c2cedff20999df2af8eb42d56 -> 
========================================================================
Received Prepare
Registering precompiled user dll's ...
Registered in 0.003611 seconds.
Begin MonoManager ReloadAssembly
Native extension for WindowsStandalone target not found
Refreshing native plugins compatible for Editor in 0.52 ms, found 3 plugins.
Preloading 0 native plugins for Editor in 0.00 ms.
Mono: successfully reloaded assembly
- Completed reload, in  0.727 seconds
Domain Reload Profiling:
	ReloadAssembly (728ms)
		BeginReloadAssembly (87ms)
			ExecutionOrderSort (0ms)
			DisableScriptedObjects (4ms)
			BackupInstance (0ms)
			ReleaseScriptingObjects (0ms)
			CreateAndSetChildDomain (28ms)
		EndReloadAssembly (595ms)
			LoadAssemblies (65ms)
			RebuildTransferFunctionScriptingTraits (0ms)
			SetupTypeCache (175ms)
			ReleaseScriptCaches (1ms)
			RebuildScriptCaches (27ms)
			SetupLoadedEditorAssemblies (265ms)
				LogAssemblyErrors (0ms)
				InitializePlatformSupportModulesInManaged (3ms)
				SetLoadedEditorAssemblies (0ms)
				RefreshPlugins (1ms)
				BeforeProcessingInitializeOnLoad (74ms)
				ProcessInitializeOnLoadAttributes (177ms)
				ProcessInitializeOnLoadMethodAttributes (4ms)
				AfterProcessingInitializeOnLoad (6ms)
				EditorAssembliesLoaded (0ms)
			ExecutionOrderSort2 (0ms)
			AwakeInstancesAfterBackupRestoration (7ms)
Platform modules already initialized, skipping
Refreshing native plugins compatible for Editor in 0.97 ms, found 3 plugins.
Preloading 0 native plugins for Editor in 0.00 ms.
Unloading 2266 Unused Serialized files (Serialized files now loaded: 0)
System memory in use before: 105.0 MB.
System memory in use after: 103.9 MB.

Unloading 33 unused Assets to reduce memory usage. Loaded Objects now: 2755.
Total: 3.352700 ms (FindLiveObjects: 0.253400 ms CreateObjectMapping: 0.052800 ms MarkObjects: 2.141700 ms  DeleteObjects: 0.903800 ms)

AssetImportParameters requested are different than current active one (requested -> active):
  custom:framework-win-MediaFoundation: 216162199b28c13a410421893ffa2e32 -> 
  custom:video-decoder-ogg-theora: a1e56fd34408186e4bbccfd4996cb3dc -> 
  custom:container-muxer-webm: aa71ff27fc2769a1b78a27578f13a17b -> 
  custom:container-demuxer-webm: 4f35f7cbe854078d1ac9338744f61a02 -> 
  custom:container-demuxer-ogg: 62fdf1f143b41e24485cea50d1cbac27 -> 
  custom:video-encoder-webm-vp8: eb34c28f22e8b96e1ab97ce403110664 -> 
  custom:video-decoder-webm-vp8: 9c59270c3fd7afecdb556c50c9e8de78 -> 
  custom:audio-decoder-ogg-vorbis: bf7c407c2cedff20999df2af8eb42d56 -> 
  custom:audio-encoder-webm-vorbis: bf7c407c2cedff20999df2af8eb42d56 -> 
========================================================================
Received Import Request.
  Time since last request: 133.512237 seconds.
  path: Assets/00.ProjectOzFolder/01.Content/02.Models
  artifactKey: Guid(20d0c391ccee9584fa8f43dfb6aa0e98) Importer(815301076,1909f56bfc062723c751e8b465ee728b)
Start importing Assets/00.ProjectOzFolder/01.Content/02.Models using Guid(20d0c391ccee9584fa8f43dfb6aa0e98) Importer(815301076,1909f56bfc062723c751e8b465ee728b)  -> (artifact id: 'a171d7d9d083ab6f3ea25cffc11e8a76') in 0.009390 seconds 
  Import took 0.012653 seconds .

========================================================================
Received Import Request.
  Time since last request: 0.001139 seconds.
  path: Assets/00.ProjectOzFolder/01.Content/02.Models
  artifactKey: Guid(20d0c391ccee9584fa8f43dfb6aa0e98) Importer(815301076,1909f56bfc062723c751e8b465ee728b)
Start importing Assets/00.ProjectOzFolder/01.Content/02.Models using Guid(20d0c391ccee9584fa8f43dfb6aa0e98) Importer(815301076,1909f56bfc062723c751e8b465ee728b)  -> (artifact id: 'a171d7d9d083ab6f3ea25cffc11e8a76') in 0.001917 seconds 
  Import took 0.004533 seconds .

========================================================================
Received Import Request.
  Time since last request: 4.394080 seconds.
  path: Assets/00.ProjectOzFolder/01.Content/02.Models/BackGround
  artifactKey: Guid(7cd934734ce53914d9db180cf6178cae) Importer(815301076,1909f56bfc062723c751e8b465ee728b)
Start importing Assets/00.ProjectOzFolder/01.Content/02.Models/BackGround using Guid(7cd934734ce53914d9db180cf6178cae) Importer(815301076,1909f56bfc062723c751e8b465ee728b)  -> (artifact id: 'a75427ccaf2bf3c47e580adc59b67e06') in 0.005932 seconds 
  Import took 0.009262 seconds .

========================================================================
Received Import Request.
  Time since last request: 10.999913 seconds.
  path: Assets/00.ProjectOzFolder/01.Content/02.Models/BackGround/1-1
  artifactKey: Guid(bae64740ce41d62479c66bb3e13adca3) Importer(815301076,1909f56bfc062723c751e8b465ee728b)
Start importing Assets/00.ProjectOzFolder/01.Content/02.Models/BackGround/1-1 using Guid(bae64740ce41d62479c66bb3e13adca3) Importer(815301076,1909f56bfc062723c751e8b465ee728b)  -> (artifact id: 'c0fd13d116cdaa74741493d23c203729') in 0.005774 seconds 
  Import took 0.009586 seconds .

========================================================================
Received Import Request.
  Time since last request: 18.993225 seconds.
  path: Assets/00.ProjectOzFolder/01.Content/02.Models/BackGround/1-1/Back.png
  artifactKey: Guid(c4dab16ded2bd384a8c971d30cd5dd09) Importer(815301076,1909f56bfc062723c751e8b465ee728b)
Start importing Assets/00.ProjectOzFolder/01.Content/02.Models/BackGround/1-1/Back.png using Guid(c4dab16ded2bd384a8c971d30cd5dd09) Importer(815301076,1909f56bfc062723c751e8b465ee728b)  -> (artifact id: '301d641b71dd5897bbaf012eed2502fe') in 0.119869 seconds 
  Import took 0.123334 seconds .

========================================================================
Received Import Request.
  Time since last request: 0.000167 seconds.
  path: Assets/00.ProjectOzFolder/01.Content/02.Models/BackGround/1-1/grass_2.png
  artifactKey: Guid(2e13a927f554cfb45bcb356f58341145) Importer(815301076,1909f56bfc062723c751e8b465ee728b)
Start importing Assets/00.ProjectOzFolder/01.Content/02.Models/BackGround/1-1/grass_2.png using Guid(2e13a927f554cfb45bcb356f58341145) Importer(815301076,1909f56bfc062723c751e8b465ee728b)  -> (artifact id: 'd76fc09ad234198e3793a66b842d5d4f') in 0.014279 seconds 
  Import took 0.017511 seconds .

========================================================================
Received Import Request.
  Time since last request: 0.000142 seconds.
  path: Assets/00.ProjectOzFolder/01.Content/02.Models/BackGround/1-1/Close_grass.png
  artifactKey: Guid(c9498c04091e3a847b55f2ef94fb08f2) Importer(815301076,1909f56bfc062723c751e8b465ee728b)
Start importing Assets/00.ProjectOzFolder/01.Content/02.Models/BackGround/1-1/Close_grass.png using Guid(c9498c04091e3a847b55f2ef94fb08f2) Importer(815301076,1909f56bfc062723c751e8b465ee728b)  -> (artifact id: '22ecdc987f3b299f7072777b36d7119a') in 0.021681 seconds 
  Import took 0.024688 seconds .

========================================================================
Received Import Request.
  Time since last request: 0.000142 seconds.
  path: Assets/00.ProjectOzFolder/01.Content/02.Models/BackGround/1-1/rose.png
  artifactKey: Guid(b213aa60063996a419ee2d0628ace478) Importer(815301076,1909f56bfc062723c751e8b465ee728b)
Start importing Assets/00.ProjectOzFolder/01.Content/02.Models/BackGround/1-1/rose.png using Guid(b213aa60063996a419ee2d0628ace478) Importer(815301076,1909f56bfc062723c751e8b465ee728b)  -> (artifact id: 'c67bb98b0e60dde7bcd0cdc5c44d9ffd') in 0.011511 seconds 
  Import took 0.014501 seconds .

========================================================================
Received Import Request.
  Time since last request: 0.000131 seconds.
  path: Assets/00.ProjectOzFolder/01.Content/02.Models/BackGround/1-1/tree.png
  artifactKey: Guid(420b7bfb98985be4f97141d1ea2df320) Importer(815301076,1909f56bfc062723c751e8b465ee728b)
Start importing Assets/00.ProjectOzFolder/01.Content/02.Models/BackGround/1-1/tree.png using Guid(420b7bfb98985be4f97141d1ea2df320) Importer(815301076,1909f56bfc062723c751e8b465ee728b)  -> (artifact id: '1d5f854b58da3513ccb8aa99f502e7c5') in 0.018576 seconds 
  Import took 0.021399 seconds .

========================================================================
Received Import Request.
  Time since last request: 0.000139 seconds.
  path: Assets/00.ProjectOzFolder/01.Content/02.Models/BackGround/1-1/grass_4.png
  artifactKey: Guid(69d26f8bc4aaccc4e8be37e5dee754ef) Importer(815301076,1909f56bfc062723c751e8b465ee728b)
Start importing Assets/00.ProjectOzFolder/01.Content/02.Models/BackGround/1-1/grass_4.png using Guid(69d26f8bc4aaccc4e8be37e5dee754ef) Importer(815301076,1909f56bfc062723c751e8b465ee728b)  -> (artifact id: '52b6bde574e147cf0929b4bbdb01c9db') in 0.011622 seconds 
  Import took 0.014566 seconds .

========================================================================
Received Import Request.
  Time since last request: 0.000134 seconds.
  path: Assets/00.ProjectOzFolder/01.Content/02.Models/BackGround/1-1/grass_3.png
  artifactKey: Guid(1b01ff54d41d6494891ba23390d9aaa3) Importer(815301076,1909f56bfc062723c751e8b465ee728b)
Start importing Assets/00.ProjectOzFolder/01.Content/02.Models/BackGround/1-1/grass_3.png using Guid(1b01ff54d41d6494891ba23390d9aaa3) Importer(815301076,1909f56bfc062723c751e8b465ee728b)  -> (artifact id: '61fb87693873332890561853bfb2f4af') in 0.011281 seconds 
  Import took 0.014121 seconds .

========================================================================
Received Import Request.
  Time since last request: 0.000126 seconds.
  path: Assets/00.ProjectOzFolder/01.Content/02.Models/BackGround/1-1/castle.png
  artifactKey: Guid(4cb5c2d53daa54f4891ed79407e84142) Importer(815301076,1909f56bfc062723c751e8b465ee728b)
Start importing Assets/00.ProjectOzFolder/01.Content/02.Models/BackGround/1-1/castle.png using Guid(4cb5c2d53daa54f4891ed79407e84142) Importer(815301076,1909f56bfc062723c751e8b465ee728b)  -> (artifact id: 'ffa96da63adb6903276ea86c013c436e') in 0.019690 seconds 
  Import took 0.022381 seconds .

========================================================================
Received Import Request.
  Time since last request: 59.664573 seconds.
  path: Assets/00.ProjectOzFolder/01.Content/02.Models/BackGround/1-1/mBack.mat
  artifactKey: Guid(fcaad88f035762d43900a5303e5aaf81) Importer(815301076,1909f56bfc062723c751e8b465ee728b)
Start importing Assets/00.ProjectOzFolder/01.Content/02.Models/BackGround/1-1/mBack.mat using Guid(fcaad88f035762d43900a5303e5aaf81) Importer(815301076,1909f56bfc062723c751e8b465ee728b)  -> (artifact id: '87068a1e7d4e511f6079557c188e3a7a') in 0.034258 seconds 
  Import took 0.037945 seconds .

========================================================================
Received Import Request.
  Time since last request: 23.783328 seconds.
  path: Assets/00.ProjectOzFolder/01.Content/02.Models/BackGround/1-1/mCastle.mat
  artifactKey: Guid(2045b5db82816cb44af221c97c122e39) Importer(815301076,1909f56bfc062723c751e8b465ee728b)
Start importing Assets/00.ProjectOzFolder/01.Content/02.Models/BackGround/1-1/mCastle.mat using Guid(2045b5db82816cb44af221c97c122e39) Importer(815301076,1909f56bfc062723c751e8b465ee728b)  -> (artifact id: 'afbc46e52fe265eb7877b77323e8b5b8') in 0.013098 seconds 
  Import took 0.016464 seconds .

========================================================================
Received Import Request.
  Time since last request: 40.777046 seconds.
  path: Assets/00.ProjectOzFolder/01.Content/02.Models/BackGround/1-1/New Material.mat
  artifactKey: Guid(3d0ea2d8a49eef04b912794a2c870fb5) Importer(815301076,1909f56bfc062723c751e8b465ee728b)
Start importing Assets/00.ProjectOzFolder/01.Content/02.Models/BackGround/1-1/New Material.mat using Guid(3d0ea2d8a49eef04b912794a2c870fb5) Importer(815301076,1909f56bfc062723c751e8b465ee728b)  -> (artifact id: 'e4ed0396ac892730142a93c609fbc52b') in 0.024654 seconds 
  Import took 0.028534 seconds .

========================================================================
Received Import Request.
  Time since last request: 2.697017 seconds.
  path: Assets/00.ProjectOzFolder/01.Content/02.Models/BackGround/1-1/New Material 1.mat
  artifactKey: Guid(e875dca0736854f4a84663fc5479503c) Importer(815301076,1909f56bfc062723c751e8b465ee728b)
Start importing Assets/00.ProjectOzFolder/01.Content/02.Models/BackGround/1-1/New Material 1.mat using Guid(e875dca0736854f4a84663fc5479503c) Importer(815301076,1909f56bfc062723c751e8b465ee728b)  -> (artifact id: 'a6401aa23192d51dddb122fae6a7013f') in 0.013332 seconds 
  Import took 0.017001 seconds .

========================================================================
Received Import Request.
  Time since last request: 2.312885 seconds.
  path: Assets/00.ProjectOzFolder/01.Content/02.Models/BackGround/1-1/New Material 2.mat
  artifactKey: Guid(bb6fe15eb7592614897896f4fabb5a76) Importer(815301076,1909f56bfc062723c751e8b465ee728b)
Start importing Assets/00.ProjectOzFolder/01.Content/02.Models/BackGround/1-1/New Material 2.mat using Guid(bb6fe15eb7592614897896f4fabb5a76) Importer(815301076,1909f56bfc062723c751e8b465ee728b)  -> (artifact id: '111f1cef4f0acd53648d9426ca8812a1') in 0.017187 seconds 
  Import took 0.020642 seconds .

========================================================================
Received Import Request.
  Time since last request: 16.073857 seconds.
  path: Assets/00.ProjectOzFolder/01.Content/02.Models/BackGround/1-1/mGrass2.mat
  artifactKey: Guid(e875dca0736854f4a84663fc5479503c) Importer(815301076,1909f56bfc062723c751e8b465ee728b)
Start importing Assets/00.ProjectOzFolder/01.Content/02.Models/BackGround/1-1/mGrass2.mat using Guid(e875dca0736854f4a84663fc5479503c) Importer(815301076,1909f56bfc062723c751e8b465ee728b)  -> (artifact id: 'ff6c30f8bec69224acc5711ff4881b56') in 0.019258 seconds 
  Import took 0.022560 seconds .

========================================================================
Received Import Request.
  Time since last request: 11.696844 seconds.
  path: Assets/00.ProjectOzFolder/01.Content/02.Models/BackGround/1-1/mGrass3.mat
  artifactKey: Guid(bb6fe15eb7592614897896f4fabb5a76) Importer(815301076,1909f56bfc062723c751e8b465ee728b)
Start importing Assets/00.ProjectOzFolder/01.Content/02.Models/BackGround/1-1/mGrass3.mat using Guid(bb6fe15eb7592614897896f4fabb5a76) Importer(815301076,1909f56bfc062723c751e8b465ee728b)  -> (artifact id: '69b08b6dd6be55b87392e5c16c253ab2') in 0.010100 seconds 
  Import took 0.013424 seconds .

========================================================================
Received Import Request.
  Time since last request: 4.169555 seconds.
  path: Assets/00.ProjectOzFolder/01.Content/02.Models/BackGround/1-1/mGrass4.mat
  artifactKey: Guid(3d0ea2d8a49eef04b912794a2c870fb5) Importer(815301076,1909f56bfc062723c751e8b465ee728b)
Start importing Assets/00.ProjectOzFolder/01.Content/02.Models/BackGround/1-1/mGrass4.mat using Guid(3d0ea2d8a49eef04b912794a2c870fb5) Importer(815301076,1909f56bfc062723c751e8b465ee728b)  -> (artifact id: 'ed2890f6d4e7de90813da2650d5e06ce') in 0.010410 seconds 
  Import took 0.014118 seconds .

========================================================================
Received Import Request.
  Time since last request: 10.325532 seconds.
  path: Assets/00.ProjectOzFolder/01.Content/02.Models/BackGround/1-1/mRose.mat
  artifactKey: Guid(f71e474aa09cb624f95e3a4f6831dfbc) Importer(815301076,1909f56bfc062723c751e8b465ee728b)
Start importing Assets/00.ProjectOzFolder/01.Content/02.Models/BackGround/1-1/mRose.mat using Guid(f71e474aa09cb624f95e3a4f6831dfbc) Importer(815301076,1909f56bfc062723c751e8b465ee728b)  -> (artifact id: 'b2732d9c7970ebc537ba1dc4bc8e84b9') in 0.010763 seconds 
  Import took 0.014538 seconds .

========================================================================
Received Import Request.
  Time since last request: 6.708885 seconds.
  path: Assets/00.ProjectOzFolder/01.Content/02.Models/BackGround/1-1/mTree.mat
  artifactKey: Guid(b8638408a63b4854388d922de87e1ff6) Importer(815301076,1909f56bfc062723c751e8b465ee728b)
Start importing Assets/00.ProjectOzFolder/01.Content/02.Models/BackGround/1-1/mTree.mat using Guid(b8638408a63b4854388d922de87e1ff6) Importer(815301076,1909f56bfc062723c751e8b465ee728b)  -> (artifact id: '9e6474c528d03926616bbf60237c6d71') in 0.023916 seconds 
  Import took 0.027363 seconds .

========================================================================
Received Import Request.
  Time since last request: 8.983119 seconds.
  path: Assets/00.ProjectOzFolder/01.Content/02.Models/BackGround/1-1/mClose_grass.mat
  artifactKey: Guid(fc20c7a0ae3ef674a9b87476bf7ec576) Importer(815301076,1909f56bfc062723c751e8b465ee728b)
Start importing Assets/00.ProjectOzFolder/01.Content/02.Models/BackGround/1-1/mClose_grass.mat using Guid(fc20c7a0ae3ef674a9b87476bf7ec576) Importer(815301076,1909f56bfc062723c751e8b465ee728b)  -> (artifact id: 'd42b3356c133b6c255da998b190a6fdb') in 0.010512 seconds 
  Import took 0.013893 seconds .

========================================================================
Received Import Request.
  Time since last request: 138.721549 seconds.
  path: Assets/00.ProjectOzFolder/02.Scripts/PlayerAbleCharacter.cs
  artifactKey: Guid(1030af9489bc3fb45aa4b3ae516df0cd) Importer(815301076,1909f56bfc062723c751e8b465ee728b)
Start importing Assets/00.ProjectOzFolder/02.Scripts/PlayerAbleCharacter.cs using Guid(1030af9489bc3fb45aa4b3ae516df0cd) Importer(815301076,1909f56bfc062723c751e8b465ee728b)  -> (artifact id: '578e0d81d7319dfe702d462c36abf2c3') in 0.005945 seconds 
  Import took 0.010012 seconds .

========================================================================
Received Import Request.
  Time since last request: 0.497829 seconds.
  path: Assets/00.ProjectOzFolder/02.Scripts/SpineObject.cs
  artifactKey: Guid(184bf50bb45d2c6438415465a21d0fe3) Importer(815301076,1909f56bfc062723c751e8b465ee728b)
Start importing Assets/00.ProjectOzFolder/02.Scripts/SpineObject.cs using Guid(184bf50bb45d2c6438415465a21d0fe3) Importer(815301076,1909f56bfc062723c751e8b465ee728b)  -> (artifact id: '5a6cdbb56104eb3a92b9dcbe7bec1e03') in 0.005622 seconds 
  Import took 0.009087 seconds .

========================================================================
Received Import Request.
  Time since last request: 0.696010 seconds.
  path: Assets/00.ProjectOzFolder/02.Scripts/BasedActor.cs
  artifactKey: Guid(02dc063e42166da4eb3dff7f55dbb428) Importer(815301076,1909f56bfc062723c751e8b465ee728b)
Start importing Assets/00.ProjectOzFolder/02.Scripts/BasedActor.cs using Guid(02dc063e42166da4eb3dff7f55dbb428) Importer(815301076,1909f56bfc062723c751e8b465ee728b)  -> (artifact id: '240a57ca634247a734269ee113eb2b2a') in 0.005522 seconds 
  Import took 0.008636 seconds .

========================================================================
Received Import Request.
  Time since last request: 0.375152 seconds.
  path: Assets/00.ProjectOzFolder/02.Scripts/CharacterBased.cs
  artifactKey: Guid(75cedc5c477671c45b3543cdeacdf0fe) Importer(815301076,1909f56bfc062723c751e8b465ee728b)
Start importing Assets/00.ProjectOzFolder/02.Scripts/CharacterBased.cs using Guid(75cedc5c477671c45b3543cdeacdf0fe) Importer(815301076,1909f56bfc062723c751e8b465ee728b)  -> (artifact id: '0a7817dcb7ec45076f97be605a52232e') in 0.005187 seconds 
  Import took 0.008374 seconds .

========================================================================
Received Import Request.
  Time since last request: 0.370169 seconds.
  path: Assets/00.ProjectOzFolder/02.Scripts/CharacterTrigger.cs
  artifactKey: Guid(2856c2c86dac0104590c62a8ce873954) Importer(815301076,1909f56bfc062723c751e8b465ee728b)
Start importing Assets/00.ProjectOzFolder/02.Scripts/CharacterTrigger.cs using Guid(2856c2c86dac0104590c62a8ce873954) Importer(815301076,1909f56bfc062723c751e8b465ee728b)  -> (artifact id: '4a2887216e86a1a137566123d75d3e42') in 0.005321 seconds 
  Import took 0.008517 seconds .

========================================================================
Received Import Request.
  Time since last request: 0.291834 seconds.
  path: Assets/00.ProjectOzFolder/02.Scripts/DisableCameraCollider.cs
  artifactKey: Guid(71d27282c90592a47bce5b4bbea0b6a3) Importer(815301076,1909f56bfc062723c751e8b465ee728b)
Start importing Assets/00.ProjectOzFolder/02.Scripts/DisableCameraCollider.cs using Guid(71d27282c90592a47bce5b4bbea0b6a3) Importer(815301076,1909f56bfc062723c751e8b465ee728b)  -> (artifact id: '290cdcc38956ed11236dd28088bc71c6') in 0.005310 seconds 
  Import took 0.008454 seconds .

========================================================================
Received Import Request.
  Time since last request: 0.433710 seconds.
  path: Assets/00.ProjectOzFolder/02.Scripts/Dorothy.cs
  artifactKey: Guid(3be87f0788e428a479b10a20c05533a0) Importer(815301076,1909f56bfc062723c751e8b465ee728b)
Start importing Assets/00.ProjectOzFolder/02.Scripts/Dorothy.cs using Guid(3be87f0788e428a479b10a20c05533a0) Importer(815301076,1909f56bfc062723c751e8b465ee728b)  -> (artifact id: '762d5031ffce299821669b0bac121a84') in 0.005528 seconds 
  Import took 0.008684 seconds .

========================================================================
Received Import Request.
  Time since last request: 0.683851 seconds.
  path: Assets/00.ProjectOzFolder/02.Scripts/AttackEffect.cs
  artifactKey: Guid(53d29c46b4ef2f9439e94576aaf69d38) Importer(815301076,1909f56bfc062723c751e8b465ee728b)
Start importing Assets/00.ProjectOzFolder/02.Scripts/AttackEffect.cs using Guid(53d29c46b4ef2f9439e94576aaf69d38) Importer(815301076,1909f56bfc062723c751e8b465ee728b)  -> (artifact id: 'fca2a24575938ff305c9a0bf0aaabe8d') in 0.005311 seconds 
  Import took 0.008486 seconds .

========================================================================
Received Import Request.
  Time since last request: 0.378321 seconds.
  path: Assets/00.ProjectOzFolder/02.Scripts/BackGroundScroll.cs
  artifactKey: Guid(9749e1e293661f84b8ceca7b6c942ebf) Importer(815301076,1909f56bfc062723c751e8b465ee728b)
Start importing Assets/00.ProjectOzFolder/02.Scripts/BackGroundScroll.cs using Guid(9749e1e293661f84b8ceca7b6c942ebf) Importer(815301076,1909f56bfc062723c751e8b465ee728b)  -> (artifact id: 'b1f0a2d10cde7320d8f6068dfd881a83') in 0.002299 seconds 
  Import took 0.005708 seconds .

========================================================================
Received Import Request.
  Time since last request: 0.000607 seconds.
  path: Assets/00.ProjectOzFolder/02.Scripts/BackGroundScroll.cs
  artifactKey: Guid(9749e1e293661f84b8ceca7b6c942ebf) Importer(815301076,1909f56bfc062723c751e8b465ee728b)
Start importing Assets/00.ProjectOzFolder/02.Scripts/BackGroundScroll.cs using Guid(9749e1e293661f84b8ceca7b6c942ebf) Importer(815301076,1909f56bfc062723c751e8b465ee728b)  -> (artifact id: 'b1f0a2d10cde7320d8f6068dfd881a83') in 0.002003 seconds 
  Import took 0.004485 seconds .

========================================================================
Received Import Request.
  Time since last request: 54.896158 seconds.
  path: Packages/com.unity.2d.sprite/Editor/ObjectMenuCreation/DefaultAssets/Textures/Square.png
  artifactKey: Guid(48e93eef0688c4a259cb0eddcd8661f7) Importer(815301076,1909f56bfc062723c751e8b465ee728b)
Start importing Packages/com.unity.2d.sprite/Editor/ObjectMenuCreation/DefaultAssets/Textures/Square.png using Guid(48e93eef0688c4a259cb0eddcd8661f7) Importer(815301076,1909f56bfc062723c751e8b465ee728b)  -> (artifact id: '11d754d507c971124f32865a46445257') in 0.015099 seconds 
  Import took 0.018410 seconds .

AssetImportWorkerClient::OnTransportError - code=2 error=End of file
